[0.014s] Invoking command in '/home/dpma/projects/DiffDrive-ROS/ros_ws/build/my_cpp_pkg': CMAKE_PREFIX_PATH=/home/dpma/projects/DiffDrive-ROS/ros_ws/install/my_robot_interfaces:/home/dpma/projects/DiffDrive-ROS/ros_ws/install/ydlidar_sdk:/home/dpma/projects/DiffDrive-ROS/ros_ws/install/ydlidar_ros2_driver:/home/dpma/projects/DiffDrive-ROS/ros_ws/install/my_cpp_pkg:/home/dpma/projects/DiffDrive-ROS/ros_ws/install/actions_cpp:/home/dpma/projects/DiffDrive-ROS/ros_ws/install/my_robot_description:/home/dpma/projects/DiffDrive-ROS/ros_ws/install/my_robot_bringup:/opt/ros/jazzy/opt/gz_sim_vendor:/opt/ros/jazzy/opt/gz_sensors_vendor:/opt/ros/jazzy/opt/gz_physics_vendor:/opt/ros/jazzy/opt/sdformat_vendor:/opt/ros/jazzy/opt/gz_gui_vendor:/opt/ros/jazzy/opt/gz_transport_vendor:/opt/ros/jazzy/opt/gz_rendering_vendor:/opt/ros/jazzy/opt/gz_plugin_vendor:/opt/ros/jazzy/opt/gz_fuel_tools_vendor:/opt/ros/jazzy/opt/gz_msgs_vendor:/opt/ros/jazzy/opt/gz_common_vendor:/opt/ros/jazzy/opt/gz_math_vendor:/opt/ros/jazzy/opt/gz_utils_vendor:/opt/ros/jazzy/opt/gz_tools_vendor:/opt/ros/jazzy/opt/gz_ogre_next_vendor:/opt/ros/jazzy/opt/gz_dartsim_vendor:/opt/ros/jazzy/opt/gz_cmake_vendor:/home/dpma/projects/DiffDrive-ROS/ros_ws/install/my_py_pkg:/opt/ros/jazzy DEBUGINFOD_URLS=https://debuginfod.ubuntu.com PYTHONPATH=/home/dpma/projects/DiffDrive-ROS/ros_ws/install/my_robot_interfaces/lib/python3.12/site-packages:/home/dpma/projects/DiffDrive-ROS/ros_ws/install/my_py_pkg/lib/python3.12/site-packages:/opt/ros/jazzy/lib/python3.12/site-packages:/home/dpma/acados/interfaces/acados_template /usr/bin/cmake /home/dpma/projects/DiffDrive-ROS/ros_ws/src/my_cpp_pkg -DCMAKE_INSTALL_PREFIX=/home/dpma/projects/DiffDrive-ROS/ros_ws/install/my_cpp_pkg
[0.069s] -- The C compiler identification is GNU 13.3.0
[0.124s] -- The CXX compiler identification is GNU 13.3.0
[0.139s] -- Detecting C compiler ABI info
[0.226s] -- Detecting C compiler ABI info - done
[0.235s] -- Check for working C compiler: /usr/bin/cc - skipped
[0.235s] -- Detecting C compile features
[0.235s] -- Detecting C compile features - done
[0.244s] -- Detecting CXX compiler ABI info
[0.341s] -- Detecting CXX compiler ABI info - done
[0.351s] -- Check for working CXX compiler: /usr/bin/c++ - skipped
[0.351s] -- Detecting CXX compile features
[0.351s] -- Detecting CXX compile features - done
[0.356s] -- Found ament_cmake: 2.5.4 (/opt/ros/jazzy/share/ament_cmake/cmake)
[0.516s] -- Found Python3: /usr/bin/python3 (found version "3.12.3") found components: Interpreter 
[0.650s] -- Found rclcpp: 28.1.9 (/opt/ros/jazzy/share/rclcpp/cmake)
[0.713s] -- Found rosidl_generator_c: 4.6.5 (/opt/ros/jazzy/share/rosidl_generator_c/cmake)
[0.735s] -- Found rosidl_generator_cpp: 4.6.5 (/opt/ros/jazzy/share/rosidl_generator_cpp/cmake)
[0.758s] -- Using all available rosidl_typesupport_c: rosidl_typesupport_fastrtps_c;rosidl_typesupport_introspection_c
[0.783s] -- Using all available rosidl_typesupport_cpp: rosidl_typesupport_fastrtps_cpp;rosidl_typesupport_introspection_cpp
[0.888s] -- Found rmw_implementation_cmake: 7.3.2 (/opt/ros/jazzy/share/rmw_implementation_cmake/cmake)
[0.894s] -- Found rmw_fastrtps_cpp: 8.4.2 (/opt/ros/jazzy/share/rmw_fastrtps_cpp/cmake)
[0.992s] -- Found OpenSSL: /usr/lib/x86_64-linux-gnu/libcrypto.so (found version "3.0.13")  
[1.015s] -- Found FastRTPS: /opt/ros/jazzy/include (Required is at least version "2.13") 
[1.043s] -- Using RMW implementation 'rmw_fastrtps_cpp' as default
[1.139s] -- Found std_msgs: 5.3.6 (/opt/ros/jazzy/share/std_msgs/cmake)
[1.154s] -- Found my_robot_interfaces: 0.0.0 (/home/dpma/projects/DiffDrive-ROS/ros_ws/install/my_robot_interfaces/share/my_robot_interfaces/cmake)
[1.229s] -- Found nav_msgs: 5.3.6 (/opt/ros/jazzy/share/nav_msgs/cmake)
[1.362s] -- Found tf2: 0.36.10 (/opt/ros/jazzy/share/tf2/cmake)
[1.400s] -- Found tf2_ros: 0.36.10 (/opt/ros/jazzy/share/tf2_ros/cmake)
[2.034s] -- Configuring done (2.0s)
[2.062s] -- Generating done (0.0s)
[2.070s] -- Build files have been written to: /home/dpma/projects/DiffDrive-ROS/ros_ws/build/my_cpp_pkg
[2.083s] Invoked command in '/home/dpma/projects/DiffDrive-ROS/ros_ws/build/my_cpp_pkg' returned '0': CMAKE_PREFIX_PATH=/home/dpma/projects/DiffDrive-ROS/ros_ws/install/my_robot_interfaces:/home/dpma/projects/DiffDrive-ROS/ros_ws/install/ydlidar_sdk:/home/dpma/projects/DiffDrive-ROS/ros_ws/install/ydlidar_ros2_driver:/home/dpma/projects/DiffDrive-ROS/ros_ws/install/my_cpp_pkg:/home/dpma/projects/DiffDrive-ROS/ros_ws/install/actions_cpp:/home/dpma/projects/DiffDrive-ROS/ros_ws/install/my_robot_description:/home/dpma/projects/DiffDrive-ROS/ros_ws/install/my_robot_bringup:/opt/ros/jazzy/opt/gz_sim_vendor:/opt/ros/jazzy/opt/gz_sensors_vendor:/opt/ros/jazzy/opt/gz_physics_vendor:/opt/ros/jazzy/opt/sdformat_vendor:/opt/ros/jazzy/opt/gz_gui_vendor:/opt/ros/jazzy/opt/gz_transport_vendor:/opt/ros/jazzy/opt/gz_rendering_vendor:/opt/ros/jazzy/opt/gz_plugin_vendor:/opt/ros/jazzy/opt/gz_fuel_tools_vendor:/opt/ros/jazzy/opt/gz_msgs_vendor:/opt/ros/jazzy/opt/gz_common_vendor:/opt/ros/jazzy/opt/gz_math_vendor:/opt/ros/jazzy/opt/gz_utils_vendor:/opt/ros/jazzy/opt/gz_tools_vendor:/opt/ros/jazzy/opt/gz_ogre_next_vendor:/opt/ros/jazzy/opt/gz_dartsim_vendor:/opt/ros/jazzy/opt/gz_cmake_vendor:/home/dpma/projects/DiffDrive-ROS/ros_ws/install/my_py_pkg:/opt/ros/jazzy DEBUGINFOD_URLS=https://debuginfod.ubuntu.com PYTHONPATH=/home/dpma/projects/DiffDrive-ROS/ros_ws/install/my_robot_interfaces/lib/python3.12/site-packages:/home/dpma/projects/DiffDrive-ROS/ros_ws/install/my_py_pkg/lib/python3.12/site-packages:/opt/ros/jazzy/lib/python3.12/site-packages:/home/dpma/acados/interfaces/acados_template /usr/bin/cmake /home/dpma/projects/DiffDrive-ROS/ros_ws/src/my_cpp_pkg -DCMAKE_INSTALL_PREFIX=/home/dpma/projects/DiffDrive-ROS/ros_ws/install/my_cpp_pkg
[2.083s] Invoking command in '/home/dpma/projects/DiffDrive-ROS/ros_ws/build/my_cpp_pkg': CMAKE_PREFIX_PATH=/home/dpma/projects/DiffDrive-ROS/ros_ws/install/my_robot_interfaces:/home/dpma/projects/DiffDrive-ROS/ros_ws/install/ydlidar_sdk:/home/dpma/projects/DiffDrive-ROS/ros_ws/install/ydlidar_ros2_driver:/home/dpma/projects/DiffDrive-ROS/ros_ws/install/my_cpp_pkg:/home/dpma/projects/DiffDrive-ROS/ros_ws/install/actions_cpp:/home/dpma/projects/DiffDrive-ROS/ros_ws/install/my_robot_description:/home/dpma/projects/DiffDrive-ROS/ros_ws/install/my_robot_bringup:/opt/ros/jazzy/opt/gz_sim_vendor:/opt/ros/jazzy/opt/gz_sensors_vendor:/opt/ros/jazzy/opt/gz_physics_vendor:/opt/ros/jazzy/opt/sdformat_vendor:/opt/ros/jazzy/opt/gz_gui_vendor:/opt/ros/jazzy/opt/gz_transport_vendor:/opt/ros/jazzy/opt/gz_rendering_vendor:/opt/ros/jazzy/opt/gz_plugin_vendor:/opt/ros/jazzy/opt/gz_fuel_tools_vendor:/opt/ros/jazzy/opt/gz_msgs_vendor:/opt/ros/jazzy/opt/gz_common_vendor:/opt/ros/jazzy/opt/gz_math_vendor:/opt/ros/jazzy/opt/gz_utils_vendor:/opt/ros/jazzy/opt/gz_tools_vendor:/opt/ros/jazzy/opt/gz_ogre_next_vendor:/opt/ros/jazzy/opt/gz_dartsim_vendor:/opt/ros/jazzy/opt/gz_cmake_vendor:/home/dpma/projects/DiffDrive-ROS/ros_ws/install/my_py_pkg:/opt/ros/jazzy DEBUGINFOD_URLS=https://debuginfod.ubuntu.com PYTHONPATH=/home/dpma/projects/DiffDrive-ROS/ros_ws/install/my_robot_interfaces/lib/python3.12/site-packages:/home/dpma/projects/DiffDrive-ROS/ros_ws/install/my_py_pkg/lib/python3.12/site-packages:/opt/ros/jazzy/lib/python3.12/site-packages:/home/dpma/acados/interfaces/acados_template /usr/bin/cmake --build /home/dpma/projects/DiffDrive-ROS/ros_ws/build/my_cpp_pkg -- -j8 -l8
[2.142s] [  8%] [32mBuilding CXX object CMakeFiles/odometry_node.dir/src/odometry_node.cpp.o[0m
[2.146s] [ 41%] Built target serial
[2.150s] [ 58%] Built target pid_diffdrive_control
[2.165s] [ 66%] [32m[1mLinking CXX executable odometry_node[0m
[2.174s] [ 83%] Built target serial_example
[2.179s] [100%] Built target arduino_bridge_node
[2.420s] /usr/bin/ld: /usr/lib/gcc/x86_64-linux-gnu/13/../../../x86_64-linux-gnu/Scrt1.o: in function `_start':
[2.420s] (.text+0x1b): undefined reference to `main'
[2.422s] collect2: error: ld returned 1 exit status
[2.424s] gmake[2]: *** [CMakeFiles/odometry_node.dir/build.make:224: odometry_node] Error 1
[2.424s] gmake[1]: *** [CMakeFiles/Makefile2:212: CMakeFiles/odometry_node.dir/all] Error 2
[2.424s] gmake: *** [Makefile:146: all] Error 2
[2.427s] Invoked command in '/home/dpma/projects/DiffDrive-ROS/ros_ws/build/my_cpp_pkg' returned '2': CMAKE_PREFIX_PATH=/home/dpma/projects/DiffDrive-ROS/ros_ws/install/my_robot_interfaces:/home/dpma/projects/DiffDrive-ROS/ros_ws/install/ydlidar_sdk:/home/dpma/projects/DiffDrive-ROS/ros_ws/install/ydlidar_ros2_driver:/home/dpma/projects/DiffDrive-ROS/ros_ws/install/my_cpp_pkg:/home/dpma/projects/DiffDrive-ROS/ros_ws/install/actions_cpp:/home/dpma/projects/DiffDrive-ROS/ros_ws/install/my_robot_description:/home/dpma/projects/DiffDrive-ROS/ros_ws/install/my_robot_bringup:/opt/ros/jazzy/opt/gz_sim_vendor:/opt/ros/jazzy/opt/gz_sensors_vendor:/opt/ros/jazzy/opt/gz_physics_vendor:/opt/ros/jazzy/opt/sdformat_vendor:/opt/ros/jazzy/opt/gz_gui_vendor:/opt/ros/jazzy/opt/gz_transport_vendor:/opt/ros/jazzy/opt/gz_rendering_vendor:/opt/ros/jazzy/opt/gz_plugin_vendor:/opt/ros/jazzy/opt/gz_fuel_tools_vendor:/opt/ros/jazzy/opt/gz_msgs_vendor:/opt/ros/jazzy/opt/gz_common_vendor:/opt/ros/jazzy/opt/gz_math_vendor:/opt/ros/jazzy/opt/gz_utils_vendor:/opt/ros/jazzy/opt/gz_tools_vendor:/opt/ros/jazzy/opt/gz_ogre_next_vendor:/opt/ros/jazzy/opt/gz_dartsim_vendor:/opt/ros/jazzy/opt/gz_cmake_vendor:/home/dpma/projects/DiffDrive-ROS/ros_ws/install/my_py_pkg:/opt/ros/jazzy DEBUGINFOD_URLS=https://debuginfod.ubuntu.com PYTHONPATH=/home/dpma/projects/DiffDrive-ROS/ros_ws/install/my_robot_interfaces/lib/python3.12/site-packages:/home/dpma/projects/DiffDrive-ROS/ros_ws/install/my_py_pkg/lib/python3.12/site-packages:/opt/ros/jazzy/lib/python3.12/site-packages:/home/dpma/acados/interfaces/acados_template /usr/bin/cmake --build /home/dpma/projects/DiffDrive-ROS/ros_ws/build/my_cpp_pkg -- -j8 -l8
